Traceback (most recent call last):
  File "/Users/jrladd/Library/Python/3.9/lib/python/site-packages/jupyter_cache/executors/utils.py", line 58, in single_nb_execution
    executenb(
  File "/Users/jrladd/Library/Python/3.9/lib/python/site-packages/nbclient/client.py", line 1204, in execute
    return NotebookClient(nb=nb, resources=resources, km=km, **kwargs).execute()
  File "/Users/jrladd/Library/Python/3.9/lib/python/site-packages/nbclient/util.py", line 84, in wrapped
    return just_run(coro(*args, **kwargs))
  File "/Users/jrladd/Library/Python/3.9/lib/python/site-packages/nbclient/util.py", line 62, in just_run
    return loop.run_until_complete(coro)
  File "/Library/Developer/CommandLineTools/Library/Frameworks/Python3.framework/Versions/3.9/lib/python3.9/asyncio/base_events.py", line 642, in run_until_complete
    return future.result()
  File "/Users/jrladd/Library/Python/3.9/lib/python/site-packages/nbclient/client.py", line 663, in async_execute
    await self.async_execute_cell(
  File "/Users/jrladd/Library/Python/3.9/lib/python/site-packages/nbclient/client.py", line 965, in async_execute_cell
    await self._check_raise_for_error(cell, cell_index, exec_reply)
  File "/Users/jrladd/Library/Python/3.9/lib/python/site-packages/nbclient/client.py", line 862, in _check_raise_for_error
    raise CellExecutionError.from_cell_and_msg(cell, exec_reply_content)
nbclient.exceptions.CellExecutionError: An error occurred while executing the following cell:
------------------
# Import an edgelist of high school student interaction data.
HS = nx.read_weighted_edgelist("data/contact-high-school-proj-graph.txt")
print(HS)
------------------

[0;31m---------------------------------------------------------------------------[0m
[0;31mFileNotFoundError[0m                         Traceback (most recent call last)
Cell [0;32mIn[2], line 2[0m
[1;32m      1[0m [38;5;66;03m# Import an edgelist of high school student interaction data.[39;00m
[0;32m----> 2[0m HS [38;5;241m=[39m [43mnx[49m[38;5;241;43m.[39;49m[43mread_weighted_edgelist[49m[43m([49m[38;5;124;43m"[39;49m[38;5;124;43mdata/contact-high-school-proj-graph.txt[39;49m[38;5;124;43m"[39;49m[43m)[49m
[1;32m      3[0m [38;5;28mprint[39m(HS)

File [0;32m~/Library/Python/3.9/lib/python/site-packages/networkx/readwrite/edgelist.py:478[0m, in [0;36mread_weighted_edgelist[0;34m(path, comments, delimiter, create_using, nodetype, encoding)[0m
[1;32m    426[0m [38;5;28;01mdef[39;00m [38;5;21mread_weighted_edgelist[39m(
[1;32m    427[0m     path,
[1;32m    428[0m     comments[38;5;241m=[39m[38;5;124m"[39m[38;5;124m#[39m[38;5;124m"[39m,
[0;32m   (...)[0m
[1;32m    432[0m     encoding[38;5;241m=[39m[38;5;124m"[39m[38;5;124mutf-8[39m[38;5;124m"[39m,
[1;32m    433[0m ):
[1;32m    434[0m [38;5;250m    [39m[38;5;124;03m"""Read a graph as list of edges with numeric weights.[39;00m
[1;32m    435[0m 
[1;32m    436[0m [38;5;124;03m    Parameters[39;00m
[0;32m   (...)[0m
[1;32m    476[0m [38;5;124;03m    write_weighted_edgelist[39;00m
[1;32m    477[0m [38;5;124;03m    """[39;00m
[0;32m--> 478[0m     [38;5;28;01mreturn[39;00m [43mread_edgelist[49m[43m([49m
[1;32m    479[0m [43m        [49m[43mpath[49m[43m,[49m
[1;32m    480[0m [43m        [49m[43mcomments[49m[38;5;241;43m=[39;49m[43mcomments[49m[43m,[49m
[1;32m    481[0m [43m        [49m[43mdelimiter[49m[38;5;241;43m=[39;49m[43mdelimiter[49m[43m,[49m
[1;32m    482[0m [43m        [49m[43mcreate_using[49m[38;5;241;43m=[39;49m[43mcreate_using[49m[43m,[49m
[1;32m    483[0m [43m        [49m[43mnodetype[49m[38;5;241;43m=[39;49m[43mnodetype[49m[43m,[49m
[1;32m    484[0m [43m        [49m[43mdata[49m[38;5;241;43m=[39;49m[43m([49m[43m([49m[38;5;124;43m"[39;49m[38;5;124;43mweight[39;49m[38;5;124;43m"[39;49m[43m,[49m[43m [49m[38;5;28;43mfloat[39;49m[43m)[49m[43m,[49m[43m)[49m[43m,[49m
[1;32m    485[0m [43m        [49m[43mencoding[49m[38;5;241;43m=[39;49m[43mencoding[49m[43m,[49m
[1;32m    486[0m [43m    [49m[43m)[49m

File [0;32m~/Library/Python/3.9/lib/python/site-packages/networkx/utils/decorators.py:766[0m, in [0;36margmap.__call__.<locals>.func[0;34m(_argmap__wrapper, *args, **kwargs)[0m
[1;32m    765[0m [38;5;28;01mdef[39;00m [38;5;21mfunc[39m([38;5;241m*[39margs, __wrapper[38;5;241m=[39m[38;5;28;01mNone[39;00m, [38;5;241m*[39m[38;5;241m*[39mkwargs):
[0;32m--> 766[0m     [38;5;28;01mreturn[39;00m [43margmap[49m[38;5;241;43m.[39;49m[43m_lazy_compile[49m[43m([49m[43m__wrapper[49m[43m)[49m[43m([49m[38;5;241;43m*[39;49m[43margs[49m[43m,[49m[43m [49m[38;5;241;43m*[39;49m[38;5;241;43m*[39;49m[43mkwargs[49m[43m)[49m

File [0;32m<class 'networkx.utils.decorators.argmap'> compilation 5:3[0m, in [0;36margmap_read_edgelist_1[0;34m(path, comments, delimiter, create_using, nodetype, data, edgetype, encoding)[0m
[1;32m      1[0m [38;5;28;01mimport[39;00m [38;5;21;01mbz2[39;00m
[1;32m      2[0m [38;5;28;01mimport[39;00m [38;5;21;01mcollections[39;00m
[0;32m----> 3[0m [38;5;28;01mimport[39;00m [38;5;21;01mgzip[39;00m
[1;32m      4[0m [38;5;28;01mimport[39;00m [38;5;21;01minspect[39;00m
[1;32m      5[0m [38;5;28;01mimport[39;00m [38;5;21;01mitertools[39;00m

File [0;32m~/Library/Python/3.9/lib/python/site-packages/networkx/utils/decorators.py:189[0m, in [0;36mopen_file.<locals>._open_file[0;34m(path)[0m
[1;32m    185[0m [38;5;28;01melse[39;00m:
[1;32m    186[0m     [38;5;66;03m# could be None, or a file handle, in which case the algorithm will deal with it[39;00m
[1;32m    187[0m     [38;5;28;01mreturn[39;00m path, [38;5;28;01mlambda[39;00m: [38;5;28;01mNone[39;00m
[0;32m--> 189[0m fobj [38;5;241m=[39m [43m_dispatch_dict[49m[43m[[49m[43mext[49m[43m][49m[43m([49m[43mpath[49m[43m,[49m[43m [49m[43mmode[49m[38;5;241;43m=[39;49m[43mmode[49m[43m)[49m
[1;32m    190[0m [38;5;28;01mreturn[39;00m fobj, [38;5;28;01mlambda[39;00m: fobj[38;5;241m.[39mclose()

[0;31mFileNotFoundError[0m: [Errno 2] No such file or directory: 'data/contact-high-school-proj-graph.txt'
FileNotFoundError: [Errno 2] No such file or directory: 'data/contact-high-school-proj-graph.txt'

